Performing C SOURCE FILE Test CMAKE_HAVE_LIBC_PTHREAD failed with the following output:
Change Dir: /lhome/sofinde/udacity/raylib/build/CMakeFiles/CMakeTmp

Run Build Command(s):/usr/bin/make cmTC_a1e17/fast && /usr/bin/make  -f CMakeFiles/cmTC_a1e17.dir/build.make CMakeFiles/cmTC_a1e17.dir/build
make[1]: Entering directory '/lhome/sofinde/udacity/raylib/build/CMakeFiles/CMakeTmp'
Building C object CMakeFiles/cmTC_a1e17.dir/src.c.o
/usr/bin/cc   -fno-strict-aliasing -Werror=implicit-function-declaration -Werror=pointer-arith  -DCMAKE_HAVE_LIBC_PTHREAD   -o CMakeFiles/cmTC_a1e17.dir/src.c.o   -c /lhome/sofinde/udacity/raylib/build/CMakeFiles/CMakeTmp/src.c
Linking C executable cmTC_a1e17
/usr/bin/cmake -E cmake_link_script CMakeFiles/cmTC_a1e17.dir/link.txt --verbose=1
/usr/bin/cc -fno-strict-aliasing -Werror=implicit-function-declaration -Werror=pointer-arith  -DCMAKE_HAVE_LIBC_PTHREAD    -rdynamic CMakeFiles/cmTC_a1e17.dir/src.c.o  -o cmTC_a1e17 
CMakeFiles/cmTC_a1e17.dir/src.c.o: In function `main':
src.c:(.text+0x3e): undefined reference to `pthread_create'
src.c:(.text+0x4a): undefined reference to `pthread_detach'
src.c:(.text+0x56): undefined reference to `pthread_cancel'
src.c:(.text+0x67): undefined reference to `pthread_join'
src.c:(.text+0x7b): undefined reference to `pthread_atfork'
collect2: error: ld returned 1 exit status
CMakeFiles/cmTC_a1e17.dir/build.make:106: recipe for target 'cmTC_a1e17' failed
make[1]: *** [cmTC_a1e17] Error 1
make[1]: Leaving directory '/lhome/sofinde/udacity/raylib/build/CMakeFiles/CMakeTmp'
Makefile:141: recipe for target 'cmTC_a1e17/fast' failed
make: *** [cmTC_a1e17/fast] Error 2


Source file was:
#include <pthread.h>

void* test_func(void* data)
{
  return data;
}

int main(void)
{
  pthread_t thread;
  pthread_create(&thread, NULL, test_func, NULL);
  pthread_detach(thread);
  pthread_cancel(thread);
  pthread_join(thread, NULL);
  pthread_atfork(NULL, NULL, NULL);
  pthread_exit(NULL);

  return 0;
}

Determining if the function pthread_create exists in the pthreads failed with the following output:
Change Dir: /lhome/sofinde/udacity/raylib/build/CMakeFiles/CMakeTmp

Run Build Command(s):/usr/bin/make cmTC_a7ec0/fast && /usr/bin/make  -f CMakeFiles/cmTC_a7ec0.dir/build.make CMakeFiles/cmTC_a7ec0.dir/build
make[1]: Entering directory '/lhome/sofinde/udacity/raylib/build/CMakeFiles/CMakeTmp'
Building C object CMakeFiles/cmTC_a7ec0.dir/CheckFunctionExists.c.o
/usr/bin/cc   -fno-strict-aliasing -Werror=implicit-function-declaration -Werror=pointer-arith  -DCHECK_FUNCTION_EXISTS=pthread_create   -std=gnu99 -o CMakeFiles/cmTC_a7ec0.dir/CheckFunctionExists.c.o   -c /usr/share/cmake-3.17/Modules/CheckFunctionExists.c
Linking C executable cmTC_a7ec0
/usr/bin/cmake -E cmake_link_script CMakeFiles/cmTC_a7ec0.dir/link.txt --verbose=1
/usr/bin/cc -fno-strict-aliasing -Werror=implicit-function-declaration -Werror=pointer-arith  -DCHECK_FUNCTION_EXISTS=pthread_create    CMakeFiles/cmTC_a7ec0.dir/CheckFunctionExists.c.o  -o cmTC_a7ec0  -lpthreads 
/usr/bin/ld: cannot find -lpthreads
collect2: error: ld returned 1 exit status
CMakeFiles/cmTC_a7ec0.dir/build.make:106: recipe for target 'cmTC_a7ec0' failed
make[1]: *** [cmTC_a7ec0] Error 1
make[1]: Leaving directory '/lhome/sofinde/udacity/raylib/build/CMakeFiles/CMakeTmp'
Makefile:141: recipe for target 'cmTC_a7ec0/fast' failed
make: *** [cmTC_a7ec0/fast] Error 2



