Performing C SOURCE FILE Test CMAKE_HAVE_LIBC_PTHREAD failed with the following output:
Change Dir: /lhome/sofinde/udacity/capstone/build/CMakeFiles/CMakeTmp

Run Build Command(s):/usr/bin/make cmTC_5fd56/fast && make[1]: Entering directory '/lhome/sofinde/udacity/capstone/build/CMakeFiles/CMakeTmp'
/usr/bin/make  -f CMakeFiles/cmTC_5fd56.dir/build.make CMakeFiles/cmTC_5fd56.dir/build
make[2]: Entering directory '/lhome/sofinde/udacity/capstone/build/CMakeFiles/CMakeTmp'
Building C object CMakeFiles/cmTC_5fd56.dir/src.c.o
/usr/bin/cc   -fno-strict-aliasing -Werror=implicit-function-declaration -Werror=pointer-arith  -DCMAKE_HAVE_LIBC_PTHREAD   -o CMakeFiles/cmTC_5fd56.dir/src.c.o   -c /lhome/sofinde/udacity/capstone/build/CMakeFiles/CMakeTmp/src.c
Linking C executable cmTC_5fd56
/usr/bin/cmake -E cmake_link_script CMakeFiles/cmTC_5fd56.dir/link.txt --verbose=1
/usr/bin/cc -fno-strict-aliasing -Werror=implicit-function-declaration -Werror=pointer-arith  -DCMAKE_HAVE_LIBC_PTHREAD    -rdynamic CMakeFiles/cmTC_5fd56.dir/src.c.o  -o cmTC_5fd56 
CMakeFiles/cmTC_5fd56.dir/src.c.o: In function `main':
src.c:(.text+0x3e): undefined reference to `pthread_create'
src.c:(.text+0x4a): undefined reference to `pthread_detach'
src.c:(.text+0x56): undefined reference to `pthread_cancel'
src.c:(.text+0x67): undefined reference to `pthread_join'
src.c:(.text+0x7b): undefined reference to `pthread_atfork'
collect2: error: ld returned 1 exit status
CMakeFiles/cmTC_5fd56.dir/build.make:106: recipe for target 'cmTC_5fd56' failed
make[2]: *** [cmTC_5fd56] Error 1
make[2]: Leaving directory '/lhome/sofinde/udacity/capstone/build/CMakeFiles/CMakeTmp'
Makefile:141: recipe for target 'cmTC_5fd56/fast' failed
make[1]: *** [cmTC_5fd56/fast] Error 2
make[1]: Leaving directory '/lhome/sofinde/udacity/capstone/build/CMakeFiles/CMakeTmp'


Source file was:
#include <pthread.h>

void* test_func(void* data)
{
  return data;
}

int main(void)
{
  pthread_t thread;
  pthread_create(&thread, NULL, test_func, NULL);
  pthread_detach(thread);
  pthread_cancel(thread);
  pthread_join(thread, NULL);
  pthread_atfork(NULL, NULL, NULL);
  pthread_exit(NULL);

  return 0;
}

Determining if the function pthread_create exists in the pthreads failed with the following output:
Change Dir: /lhome/sofinde/udacity/capstone/build/CMakeFiles/CMakeTmp

Run Build Command(s):/usr/bin/make cmTC_2340a/fast && make[1]: Entering directory '/lhome/sofinde/udacity/capstone/build/CMakeFiles/CMakeTmp'
/usr/bin/make  -f CMakeFiles/cmTC_2340a.dir/build.make CMakeFiles/cmTC_2340a.dir/build
make[2]: Entering directory '/lhome/sofinde/udacity/capstone/build/CMakeFiles/CMakeTmp'
Building C object CMakeFiles/cmTC_2340a.dir/CheckFunctionExists.c.o
/usr/bin/cc   -fno-strict-aliasing -Werror=implicit-function-declaration -Werror=pointer-arith  -DCHECK_FUNCTION_EXISTS=pthread_create   -std=gnu99 -o CMakeFiles/cmTC_2340a.dir/CheckFunctionExists.c.o   -c /usr/share/cmake-3.17/Modules/CheckFunctionExists.c
Linking C executable cmTC_2340a
/usr/bin/cmake -E cmake_link_script CMakeFiles/cmTC_2340a.dir/link.txt --verbose=1
/usr/bin/cc -fno-strict-aliasing -Werror=implicit-function-declaration -Werror=pointer-arith  -DCHECK_FUNCTION_EXISTS=pthread_create    CMakeFiles/cmTC_2340a.dir/CheckFunctionExists.c.o  -o cmTC_2340a  -lpthreads 
/usr/bin/ld: cannot find -lpthreads
collect2: error: ld returned 1 exit status
CMakeFiles/cmTC_2340a.dir/build.make:106: recipe for target 'cmTC_2340a' failed
make[2]: *** [cmTC_2340a] Error 1
make[2]: Leaving directory '/lhome/sofinde/udacity/capstone/build/CMakeFiles/CMakeTmp'
Makefile:141: recipe for target 'cmTC_2340a/fast' failed
make[1]: *** [cmTC_2340a/fast] Error 2
make[1]: Leaving directory '/lhome/sofinde/udacity/capstone/build/CMakeFiles/CMakeTmp'



